 
****************************************
Report : saif
        -hierarchy
        -rtl_saif
Design : SramUnit
Version: S-2021.06-SP5-4
Date   : Mon Feb 17 10:42:10 2025
****************************************

  

--------------------------------------------------------------------------------
              User              Default           Propagated
Object type   Annotated (%)     Activity (%)      Activity (%)       Total
--------------------------------------------------------------------------------
  
 Ports        113(100.00%)      0(0.00%)          0(0.00%)           113
 Seq Cells    8(100.00%)        0(0.00%)          0(0.00%)           8
 Tri Cells    0(0.00%)          0(0.00%)          0(0.00%)           0
--------------------------------------------------------------------------------

 List of Annotated ports :

   dout1[0] 
   dout1[1] 
   dout1[2] 
   dout1[3] 
   dout1[4] 
   dout1[5] 
   dout1[6] 
   dout1[7] 
   dout1[8] 
   dout1[9] 
   dout1[10] 
   dout1[11] 
   dout1[12] 
   dout1[13] 
   dout1[14] 
   dout1[15] 
   dout1[16] 
   dout1[17] 
   dout1[18] 
   dout1[19] 
   dout1[20] 
   dout1[21] 
   dout1[22] 
   dout1[23] 
   dout1[24] 
   dout1[25] 
   dout1[26] 
   dout1[27] 
   dout1[28] 
   dout1[29] 
   dout1[30] 
   dout1[31] 
   dout0[0] 
   dout0[1] 
   dout0[2] 
   dout0[3] 
   dout0[4] 
   dout0[5] 
   dout0[6] 
   dout0[7] 
   dout0[8] 
   dout0[9] 
   dout0[10] 
   dout0[11] 
   dout0[12] 
   dout0[13] 
   dout0[14] 
   dout0[15] 
   dout0[16] 
   dout0[17] 
   dout0[18] 
   dout0[19] 
   dout0[20] 
   dout0[21] 
   dout0[22] 
   dout0[23] 
   dout0[24] 
   dout0[25] 
   dout0[26] 
   dout0[27] 
   dout0[28] 
   dout0[29] 
   dout0[30] 
   dout0[31] 
   din0[0] 
   din0[1] 
   din0[2] 
   din0[3] 
   din0[4] 
   din0[5] 
   din0[6] 
   din0[7] 
   din0[8] 
   din0[9] 
   din0[10] 
   din0[11] 
   din0[12] 
   din0[13] 
   din0[14] 
   din0[15] 
   din0[16] 
   din0[17] 
   din0[18] 
   din0[19] 
   din0[20] 
   din0[21] 
   din0[22] 
   din0[23] 
   din0[24] 
   din0[25] 
   din0[26] 
   din0[27] 
   din0[28] 
   din0[29] 
   din0[30] 
   din0[31] 
   addr0[0] 
   addr0[1] 
   addr0[2] 
   addr0[3] 
   addr0[4] 
   addr0[5] 
   addr0[6] 
   addr0[7] 
   wmask0[0] 
   wmask0[1] 
   wmask0[2] 
   wmask0[3] 
   web0 
   csb1 
   csb0 
   rst_n 
   clk 

 List of Annotated sequential cells :

   addr1_reg_0_ 
   addr1_reg_1_ 
   addr1_reg_2_ 
   addr1_reg_3_ 
   addr1_reg_4_ 
   addr1_reg_5_ 
   addr1_reg_6_ 
   addr1_reg_7_ 

 List of Annotated three-state cells :

   0 three-state cells

--------------------------------------------------------------------------------
1
