# Preference setting overrides
gui_create_pref_key -category {Globals} -key {load_detail_for_funcov} -value_type {bool} -value {false}

# State setting overrides
gui_state_default_create -off -ini
gui_set_state_value -category Globals -key recent_databases -value {{gui_open_db -file /home/users/jiajunc4/ee272/git_ee272/EE272_DNN_Accelerator/hw2/dnn-accelerator-unit-rtl/dump.vcd -design V1} {gui_open_db -file dump.vcd} {gui_open_db -file wave.vpd} {gui_open_db -file /home/users/jiajunc4/ee271/gitproj_part1/EE-271-Rasterizer/wave.vpd -design V1}}
gui_set_state_value -category Layout -key child_console_size_x -value 1271
gui_set_state_value -category Layout -key child_console_size_y -value 192
gui_set_state_value -category Layout -key child_data_size_x -value 236
gui_set_state_value -category Layout -key child_data_size_y -value 251
gui_set_state_value -category Layout -key child_hier_col3 -value {-1}
gui_set_state_value -category Layout -key child_hier_colpd -value 0
gui_set_state_value -category Layout -key child_hier_size_x -value 161
gui_set_state_value -category Layout -key child_hier_size_y -value 251
gui_set_state_value -category Layout -key child_source_docknewline -value false
gui_set_state_value -category Layout -key child_source_pos_x -value {-2}
gui_set_state_value -category Layout -key child_source_pos_y -value {-15}
gui_set_state_value -category Layout -key child_source_size_x -value 877
gui_set_state_value -category Layout -key child_source_size_y -value 246
gui_set_state_value -category Layout -key child_wave_colname -value 142
gui_set_state_value -category Layout -key child_wave_colvalue -value 142
gui_set_state_value -category Layout -key child_wave_left -value 288
gui_set_state_value -category Layout -key child_wave_right -value 702
gui_set_state_value -category Layout -key main_pos_x -value 0
gui_set_state_value -category Layout -key main_pos_y -value 51
gui_set_state_value -category Layout -key main_size_x -value 1271
gui_set_state_value -category Layout -key main_size_y -value 593
gui_set_state_value -category Layout -key stand_wave_child_docknewline -value false
gui_set_state_value -category Layout -key stand_wave_child_showstate -value normal
gui_set_state_value -category Layout -key stand_wave_child_size_x -value 1000
gui_set_state_value -category Layout -key stand_wave_child_size_y -value 379
gui_set_state_value -category Layout -key stand_wave_top_pos_x -value 65
gui_set_state_value -category Layout -key stand_wave_top_pos_y -value 85
gui_set_state_value -category Layout -key stand_wave_top_size_x -value 1266
gui_set_state_value -category Layout -key stand_wave_top_size_y -value 588
gui_create_state_key -category FindDialog -key m_pMatchCase -value_type bool -value false
gui_create_state_key -category FindDialog -key m_pMatchWord -value_type bool -value false
gui_create_state_key -category FindDialog -key m_pUseCombo -value_type string -value {}
gui_create_state_key -category FindDialog -key m_pWrapAround -value_type bool -value true
gui_create_state_key -category Widget_History -key TopLevel.1|qt_left_dock|DockWnd2|DLPane.1|pages|Data.1|hbox|textfilter -value_type string -value *out_box
gui_state_default_create -off

# Begin command logging
gui_open_db -file dump.vcd
gui_list_expand -id Hier.1   mac_tb
gui_list_action -id  Hier.1 mac_tb
gui_list_select -id Hier.1 -current_item_name mac_tb._if -current_item_type Scope  -selected  { mac_tb._if   }
gui_list_action -id  Hier.1 mac_tb._if
gui_list_select -id Data.1 -selected  { mac_tb._if.clk   }
gui_open_window Wave
gui_list_add -id Wave.1 -from Data.1 { mac_tb._if.clk } -insertionbar
gui_list_select -id Data.1 -selected  { mac_tb._if.weight_wen   }
gui_list_add -id Wave.1 -from Data.1 { mac_tb._if.weight_wen } -insertionbar
gui_list_select -id Data.1 -selected  { {mac_tb._if.ifmap_in[15:0]}   }
gui_list_add -id Wave.1 -from Data.1 { {mac_tb._if.ifmap_in[15:0]} } -insertionbar
gui_list_select -id Data.1 -selected  { {mac_tb._if.weight_in[15:0]}   }
gui_list_add -id Wave.1 -from Data.1 { {mac_tb._if.weight_in[15:0]} } -insertionbar
gui_list_select -id Data.1 -selected  { {mac_tb._if.ofmap_in[31:0]}   }
gui_list_add -id Wave.1 -from Data.1 { {mac_tb._if.ofmap_in[31:0]} } -insertionbar
gui_list_select -id Data.1 -selected  { {mac_tb._if.ifmap_out[15:0]}   }
gui_list_add -id Wave.1 -from Data.1 { {mac_tb._if.ifmap_out[15:0]} } -insertionbar
gui_list_select -id Data.1 -selected  { {mac_tb._if.ofmap_out[31:0]}   }
gui_list_add -id Wave.1 -from Data.1 { {mac_tb._if.ofmap_out[31:0]} } -insertionbar
gui_list_select -id Data.1 -selected  { mac_tb._if.rst_n   }
gui_list_add -id Wave.1 -from Data.1 { mac_tb._if.rst_n } -insertionbar
gui_list_select -id Data.1 -selected  { mac_tb._if.en   }
gui_list_add -id Wave.1 -from Data.1 { mac_tb._if.en } -insertionbar
gui_marker_move -id  Wave.1 C1 185
gui_zoom -window Wave.1 -factor 0.5
gui_zoom -window Wave.1 -factor 0.5
gui_zoom -window Wave.1 -factor 0.5
gui_zoom -window Wave.1 -factor 0.5
gui_zoom -window Wave.1 -factor 0.5
gui_zoom -window Wave.1 -factor 0.5
gui_zoom -window Wave.1 -factor 0.5
gui_zoom -window Wave.1 -factor 0.5
gui_zoom -window Wave.1 -factor 0.5
gui_zoom -window Wave.1 -factor 0.5
gui_zoom -window Wave.1 -factor 0.5
gui_wv_zoom_timerange -id  Wave.1 0 595867
gui_zoom -window Wave.1 -factor 2
gui_zoom -window Wave.1 -factor 2
gui_wv_zoom_timerange -id  Wave.1 0 115713
gui_wv_zoom_timerange -id  Wave.1 0 148968
gui_list_select -id Hier.1 -current_item_name mac_tb.mac_inst -current_item_type Scope  -selected  { mac_tb.mac_inst   }
gui_list_action -id  Hier.1 mac_tb.mac_inst
gui_src_highlight_item -id Source.1 -lfrom 18 -idxfrom 38 -fileIdFrom 0 -lto 18 -idxto 46 -fileIdTo 0 -selection {weight_r} -selectionId 0 -replace 0
gui_list_add -id Wave.1 -from Source.1 { {mac_tb.mac_inst.weight_r[15:0]} } -insertionbar
gui_list_select -id Wave.1 -selected  { {mac_tb.mac_inst.weight_r[15:0]}   }
gui_list_select -id Wave.1 -selected  { mac_tb._if.weight_wen   }
gui_list_select -id Wave.1 -selected  { {mac_tb._if.weight_in[15:0]}   }
gui_list_select -id Wave.1 -selected  { {mac_tb._if.ofmap_out[31:0]}   }
gui_save_session -reload -default_file
gui_set_pref_value -category {Globals} -key {use_mhpi_lookup} -value {false}
gui_set_pref_value -category {Globals} -key {use_mhpi_lookup} -value {true}
gui_list_select -id Wave.1 -selected  { mac_tb._if.weight_wen   }
gui_list_select -id Wave.1 -selected  { {mac_tb._if.ofmap_out[31:0]}   }
gui_marker_move -id  Wave.1 C1 54803
gui_marker_move -id  Wave.1 C1 64813
gui_list_set_selected_property -id Wave.1 -radix twosComplement
gui_list_select -id Wave.1 -selected  { {mac_tb._if.ifmap_in[15:0]}   }
gui_list_set_selected_property -id Wave.1 -radix twosComplement
gui_list_select -id Wave.1 -selected  { {mac_tb._if.weight_in[15:0]}   }
gui_list_set_selected_property -id Wave.1 -radix twosComplement
gui_list_select -id Wave.1 -selected  { {mac_tb._if.ofmap_in[31:0]}   }
gui_list_set_selected_property -id Wave.1 -radix twosComplement
gui_list_select -id Wave.1 -selected  { {mac_tb._if.ifmap_out[15:0]}   }
gui_list_set_selected_property -id Wave.1 -radix twosComplement
gui_list_select -id Wave.1 -selected  { {mac_tb._if.ofmap_out[31:0]}   }
gui_list_select -id Wave.1 -selected  { {mac_tb.mac_inst.weight_r[15:0]}   }
gui_list_set_selected_property -id Wave.1 -radix twosComplement
gui_list_select -id Wave.1 -selected  { {mac_tb._if.ifmap_in[15:0]}   }
gui_list_select -id Wave.1 -selected  { {mac_tb._if.ifmap_in[15:0]}  {mac_tb._if.weight_in[15:0]}  {mac_tb._if.ofmap_in[31:0]}  {mac_tb._if.ifmap_out[15:0]}  {mac_tb._if.ofmap_out[31:0]}  mac_tb._if.rst_n  mac_tb._if.en  {mac_tb.mac_inst.weight_r[15:0]}   }
gui_list_set_selected_property -id Wave.1 -radix decimal
gui_list_set_selected_property -id Wave.1 -radix hex
gui_list_set_selected_property -id Wave.1 -radix unsigned
gui_list_set_selected_property -id Wave.1 -radix signMagnitude
gui_list_set_selected_property -id Wave.1 -radix unsigned
gui_marker_move -id  Wave.1 C1 55990
gui_marker_move -id  Wave.1 C1 64304
gui_wv_scroll_hslidermove -id  Wave.1 0
gui_wv_scroll_hslidermove -id  Wave.1 0
