//  Catapult Ultra Synthesis 10.4b/841621 (Production Release) Thu Oct 24 17:20:07 PDT 2019
//  
//  Copyright (c) Mentor Graphics Corporation, 1996-2019, All Rights Reserved.
//                        UNPUBLISHED, LICENSED SOFTWARE.
//             CONFIDENTIAL AND PROPRIETARY INFORMATION WHICH IS THE
//                 PROPERTY OF MENTOR GRAPHICS OR ITS LICENSORS
//  
//  Running on Linux jiajunc4@iron-01 6.8.0-49-generic x86_64 aol
//  
//  Package information: SIFLIBS v23.4_2.0, HLS_PKGS v23.4_2.0, 
//                       SIF_TOOLKITS v23.4_2.0, SIF_XILINX v23.4_2.0, 
//                       SIF_ALTERA v23.4_2.0, CCS_LIBS v23.4_2.0, 
//                       CDS_PPRO v10.3a_3, CDS_DesigChecker v10.4b, 
//                       CDS_OASYS v19.1_2.4, CDS_PSR v19.1_1.16, 
//                       DesignPad v2.78_1.0
//  
//  Start time Wed Feb 19 21:23:36 2025
# -------------------------------------------------
# Logging session transcript to file "/tmp/log1693506783483f2.0"
dofile ./scripts/InputDoubleBuffer.tcl
# > set blockname [file rootname [file tail [info script] ]]
# InputDoubleBuffer
# > source scripts/common.tcl
# Moving session transcript to file "/home/users/jiajunc4/ee272/git_ee272/EE272_DNN_Accelerator/hw6/dnn-accelerator-syn/ConvHLS/design/catapult.log"
# Saving project file '/home/users/jiajunc4/ee272/git_ee272/EE272_DNN_Accelerator/hw6/dnn-accelerator-syn/ConvHLS/design/build.ccs'. (PRJ-5)
# Info: Starting transformation 'analyze' on solution 'solution.v1' (SOL-8)
# Front End called with arguments: -I./src -- /home/users/jiajunc4/ee272/git_ee272/EE272_DNN_Accelerator/hw6/dnn-accelerator-syn/ConvHLS/design/src/Conv.cpp (CIN-69)
# Edison Design Group C++/C Front End - Version 5.0 (CIN-1)
# $PROJECT_HOME/src/Conv.cpp(23): Pragma 'hls_design<top>' detected on class 'Conv' (CIN-6)
# solution design add Serializer<PackedInt<32UL, 16UL>, ODTYPE, 16, 256> -type block -unlocked (HC-1)
# solution design add SystolicArrayWrapper<IDTYPE, WDTYPE, ODTYPE, 16, 16> -type block -unlocked (HC-1)
# solution design add SystolicArrayLooper -type block -unlocked (HC-1)
# solution design add SystolicArrayCore<IDTYPE, WDTYPE, ODTYPE, 16, 16> -type block -unlocked (HC-1)
# solution design add Fifo<ODTYPE, 16> -type block -unlocked (HC-1)
# solution design add Fifo<ODTYPE, 15> -type block -unlocked (HC-1)
# solution design add Fifo<ODTYPE, 14> -type block -unlocked (HC-1)
# solution design add Fifo<ODTYPE, 13> -type block -unlocked (HC-1)
# solution design add Fifo<ODTYPE, 12> -type block -unlocked (HC-1)
# solution design add Fifo<ODTYPE, 11> -type block -unlocked (HC-1)
# solution design add Fifo<ODTYPE, 10> -type block -unlocked (HC-1)
# solution design add Fifo<ODTYPE, 9> -type block -unlocked (HC-1)
# solution design add Fifo<ODTYPE, 8> -type block -unlocked (HC-1)
# solution design add Fifo<ODTYPE, 7> -type block -unlocked (HC-1)
# solution design add Fifo<ODTYPE, 6> -type block -unlocked (HC-1)
# solution design add Fifo<ODTYPE, 5> -type block -unlocked (HC-1)
# solution design add Fifo<ODTYPE, 4> -type block -unlocked (HC-1)
# solution design add Fifo<ODTYPE, 3> -type block -unlocked (HC-1)
# solution design add Fifo<ODTYPE, 2> -type block -unlocked (HC-1)
# solution design add Fifo<ODTYPE, 1> -type block -unlocked (HC-1)
# solution design add Fifo<IDTYPE, 16> -type block -unlocked (HC-1)
# solution design add Fifo<IDTYPE, 15> -type block -unlocked (HC-1)
# solution design add Fifo<IDTYPE, 14> -type block -unlocked (HC-1)
# solution design add Fifo<IDTYPE, 13> -type block -unlocked (HC-1)
# solution design add Fifo<IDTYPE, 12> -type block -unlocked (HC-1)
# solution design add Fifo<IDTYPE, 11> -type block -unlocked (HC-1)
# solution design add Fifo<IDTYPE, 10> -type block -unlocked (HC-1)
# solution design add Fifo<IDTYPE, 9> -type block -unlocked (HC-1)
# solution design add Fifo<IDTYPE, 8> -type block -unlocked (HC-1)
# solution design add Fifo<IDTYPE, 7> -type block -unlocked (HC-1)
# solution design add Fifo<IDTYPE, 6> -type block -unlocked (HC-1)
# solution design add Fifo<IDTYPE, 5> -type block -unlocked (HC-1)
# solution design add Fifo<IDTYPE, 4> -type block -unlocked (HC-1)
# solution design add Fifo<IDTYPE, 3> -type block -unlocked (HC-1)
# solution design add Fifo<IDTYPE, 2> -type block -unlocked (HC-1)
# solution design add Fifo<IDTYPE, 1> -type block -unlocked (HC-1)
# solution design add ProcessingElement<IDTYPE, WDTYPE, ODTYPE> -type block -unlocked (HC-1)
# solution design add WeightDoubleBuffer<8192, 16, 16> -type block -unlocked (HC-1)
# solution design add WeightDoubleBufferReader<8192, 16, 16> -type block -unlocked (HC-1)
# solution design add WeightDoubleBufferWriter<8192, 16, 16> -type block -unlocked (HC-1)
# solution design add InputDoubleBuffer<4096, 16, 16> -type block -unlocked (HC-1)
# solution design add InputDoubleBufferReader<4096, 16, 16> -type block -unlocked (HC-1)
# solution design add InputDoubleBufferWriter<4096, 16, 16> -type block -unlocked (HC-1)
# solution design add ParamsDeserializer -type block -unlocked (HC-1)
# solution design add Conv -type top -unlocked (HC-1)
# Source file analysis completed (CIN-68)
# Info: Completed transformation 'analyze' on solution 'solution.v1': elapsed time 2.06 seconds, memory usage 878212kB, peak memory usage 878212kB (SOL-9)
# > directive set -DESIGN_HIERARCHY " 
# >     {InputDoubleBuffer<4096, ${ARRAY_DIMENSION}, ${ARRAY_DIMENSION}>} 
# > "
# solution design add InputDoubleBuffer<4096, 16, 16> -type top -unlocked (HC-1)
# /DESIGN_HIERARCHY { 
#     {InputDoubleBuffer<4096, 16, 16>} 
# }
# > go compile
# Info: Starting transformation 'compile' on solution 'solution.v1' (SOL-8)
# Generating synthesis internal form... (CIN-3)
# $PROJECT_HOME/src/InputDoubleBuffer.h(139): Found top design routine 'InputDoubleBuffer<4096, 16, 16>' specified by directive (CIN-52)
# $PROJECT_HOME/src/InputDoubleBuffer.h(139): Found top design routine 'InputDoubleBuffer<4096, 16, 16>' specified by directive (CIN-52)
# $PROJECT_HOME/src/InputDoubleBuffer.h(141): Inlining member function 'InputDoubleBuffer<4096, 16, 16>::InputDoubleBuffer' on object '' (CIN-64)
# $PROJECT_HOME/src/InputDoubleBuffer.h(8): Inlining member function 'InputDoubleBufferWriter<4096, 16, 16>::InputDoubleBufferWriter' on object '' (CIN-64)
# $PROJECT_HOME/src/InputDoubleBuffer.h(11): Synthesizing method 'InputDoubleBufferWriter<4096, 16, 16>::run' (CIN-13)
# $PROJECT_HOME/src/InputDoubleBuffer.h(11): Inlining member function 'InputDoubleBufferWriter<4096, 16, 16>::run' on object '' (CIN-64)
# $MGC_HOME/shared/include/ac_int.h(2744): Inlining routine 'operator-<4, false>' (CIN-14)
# $MGC_HOME/shared/include/ac_int.h(2744): Inlining routine 'operator-<4, false>' (CIN-14)
# $PROJECT_HOME/src/InputDoubleBuffer.h(40): Pragma 'hls_pipeline_init_interval<1>' detected on '/InputDoubleBuffer<4096,16,16>/InputDoubleBufferWriter<4096,16,16>/run/TILES' (CIN-203)
# $MGC_HOME/shared/include/ac_int.h(2744): Inlining routine 'operator<<8, false>' (CIN-14)
# $MGC_HOME/shared/include/ac_int.h(2744): Inlining routine 'operator<<13, false>' (CIN-14)
# $PROJECT_HOME/src/InputDoubleBuffer.h(51): Pragma 'hls_unroll<yes>' detected on '/InputDoubleBuffer<4096,16,16>/InputDoubleBufferWriter<4096,16,16>/run/TILE:for:for' (CIN-203)
# $PROJECT_HOME/src/InputDoubleBuffer.h(11): Optimizing block '/InputDoubleBuffer<4096,16,16>/InputDoubleBufferWriter<4096,16,16>' ... (CIN-4)
# $PROJECT_HOME/src/InputDoubleBuffer.h(11): INOUT port 'paramsIn' is only used as an input. (OPT-10)
# $PROJECT_HOME/src/InputDoubleBuffer.h(12): INOUT port 'din' is only used as an input. (OPT-10)
# $PROJECT_HOME/src/InputDoubleBuffer.h(13): INOUT port 'dout' is only used as an output. (OPT-11)
# Info: Optimizing partition '/InputDoubleBuffer<4096,16,16>/InputDoubleBufferWriter<4096,16,16>': (Total ops = 76, Real ops = 27, Vars = 14) (SOL-10)
# Info: Optimizing partition '/InputDoubleBuffer<4096,16,16>/InputDoubleBufferWriter<4096,16,16>/constructor': (Total ops = 0, Real ops = 0, Vars = 0) (SOL-10)
# Info: Optimizing partition '/InputDoubleBuffer<4096,16,16>/InputDoubleBufferWriter<4096,16,16>/constructor': (Total ops = 0, Real ops = 0, Vars = 0) (SOL-10)
# Info: Optimizing partition '/InputDoubleBuffer<4096,16,16>/InputDoubleBufferWriter<4096,16,16>': (Total ops = 76, Real ops = 27, Vars = 3) (SOL-10)
# Info: $PROJECT_HOME/src/InputDoubleBuffer.h(8): Partition '/InputDoubleBuffer<4096,16,16>/InputDoubleBufferWriter<4096,16,16>/constructor' is found empty and is optimized away. (OPT-12)
# Info: Optimizing partition '/InputDoubleBuffer<4096,16,16>/InputDoubleBufferWriter<4096,16,16>': (Total ops = 76, Real ops = 27, Vars = 39) (SOL-10)
# Info: Optimizing partition '/InputDoubleBuffer<4096,16,16>/InputDoubleBufferWriter<4096,16,16>/run': (Total ops = 76, Real ops = 27, Vars = 36) (SOL-10)
# Info: Optimizing partition '/InputDoubleBuffer<4096,16,16>/InputDoubleBufferWriter<4096,16,16>/run': (Total ops = 71, Real ops = 27, Vars = 30) (SOL-10)
# Info: Optimizing partition '/InputDoubleBuffer<4096,16,16>/InputDoubleBufferWriter<4096,16,16>': (Total ops = 71, Real ops = 27, Vars = 33) (SOL-10)
# Info: $MGC_HOME/shared/include/ac_int.h(2744): Splitting object 'operator-<4,false>:return' into 2 segments (OPT-19)
# Info: $MGC_HOME/shared/include/ac_int.h(2744): Splitting object 'operator-<4,false>:return#1' into 2 segments (OPT-19)
# Info: $PROJECT_HOME/src/InputDoubleBuffer.h(53): Splitting object 'pref' into 2 segments (OPT-19)
# Info: $PROJECT_HOME/src/InputDoubleBuffer.h(59): Splitting object 'pref#2' into 2 segments (OPT-19)
# Info: Optimizing partition '/InputDoubleBuffer<4096,16,16>/InputDoubleBufferWriter<4096,16,16>/run': (Total ops = 67, Real ops = 25, Vars = 34) (SOL-10)
# Info: Optimizing partition '/InputDoubleBuffer<4096,16,16>/InputDoubleBufferWriter<4096,16,16>/run': (Total ops = 97, Real ops = 26, Vars = 9) (SOL-10)
# Info: Optimizing partition '/InputDoubleBuffer<4096,16,16>/InputDoubleBufferWriter<4096,16,16>': (Total ops = 97, Real ops = 26, Vars = 12) (SOL-10)
# Info: Optimizing partition '/InputDoubleBuffer<4096,16,16>/InputDoubleBufferWriter<4096,16,16>/run': (Total ops = 97, Real ops = 26, Vars = 9) (SOL-10)
# Info: Optimizing partition '/InputDoubleBuffer<4096,16,16>/InputDoubleBufferWriter<4096,16,16>': (Total ops = 97, Real ops = 26, Vars = 12) (SOL-10)
# Info: $PROJECT_HOME/src/InputDoubleBuffer.h(49): Splitting object 'TILE:for:j' into 2 segments (OPT-19)
# Info: Optimizing partition '/InputDoubleBuffer<4096,16,16>/InputDoubleBufferWriter<4096,16,16>/run': (Total ops = 97, Real ops = 26, Vars = 11) (SOL-10)
# $PROJECT_HOME/src/InputDoubleBuffer.h(52): Loop '/InputDoubleBuffer<4096,16,16>/InputDoubleBufferWriter<4096,16,16>/run/TILE:for:for' iterated at most 4 times. (LOOP-2)
# Info: Optimizing partition '/InputDoubleBuffer<4096,16,16>/InputDoubleBufferWriter<4096,16,16>/run': (Total ops = 73, Real ops = 23, Vars = 9) (SOL-10)
# Info: Optimizing partition '/InputDoubleBuffer<4096,16,16>/InputDoubleBufferWriter<4096,16,16>/run': (Total ops = 66, Real ops = 20, Vars = 9) (SOL-10)
# Info: Optimizing partition '/InputDoubleBuffer<4096,16,16>/InputDoubleBufferWriter<4096,16,16>': (Total ops = 66, Real ops = 20, Vars = 12) (SOL-10)
# Info: $PROJECT_HOME/src/InputDoubleBuffer.h(41): Splitting object 'TILES:t' into 2 segments (OPT-19)
# Info: $PROJECT_HOME/src/InputDoubleBuffer.h(46): Splitting object 'TILE:i' into 2 segments (OPT-19)
# Info: $PROJECT_HOME/src/InputDoubleBuffer.h(52): Splitting object 'TILE:for:for:k' into 2 segments (OPT-19)
# Info: $PROJECT_HOME/src/InputDoubleBuffer.h(49): Splitting object 'TILE:for:j(31:2)' into 2 segments (OPT-19)
# Info: Optimizing partition '/InputDoubleBuffer<4096,16,16>/InputDoubleBufferWriter<4096,16,16>/run': (Total ops = 61, Real ops = 20, Vars = 13) (SOL-10)
# Info: Optimizing partition '/InputDoubleBuffer<4096,16,16>/InputDoubleBufferWriter<4096,16,16>/run': (Total ops = 60, Real ops = 20, Vars = 9) (SOL-10)
# Info: Optimizing partition '/InputDoubleBuffer<4096,16,16>/InputDoubleBufferWriter<4096,16,16>': (Total ops = 60, Real ops = 20, Vars = 12) (SOL-10)
# Info: Optimizing partition '/InputDoubleBuffer<4096,16,16>/InputDoubleBufferWriter<4096,16,16>/run': (Total ops = 60, Real ops = 20, Vars = 9) (SOL-10)
# Info: Optimizing partition '/InputDoubleBuffer<4096,16,16>/InputDoubleBufferWriter<4096,16,16>': (Total ops = 60, Real ops = 20, Vars = 12) (SOL-10)
# Info: Optimizing partition '/InputDoubleBuffer<4096,16,16>/InputDoubleBufferWriter<4096,16,16>': (Total ops = 60, Real ops = 20, Vars = 12) (SOL-10)
# Info: Optimizing partition '/InputDoubleBuffer<4096,16,16>/InputDoubleBufferWriter<4096,16,16>/run': (Total ops = 60, Real ops = 20, Vars = 9) (SOL-10)
# Info: Optimizing partition '/InputDoubleBuffer<4096,16,16>/InputDoubleBufferWriter<4096,16,16>': (Total ops = 60, Real ops = 20, Vars = 12) (SOL-10)
# Info: Optimizing partition '/InputDoubleBuffer<4096,16,16>/InputDoubleBufferWriter<4096,16,16>/run': (Total ops = 60, Real ops = 20, Vars = 9) (SOL-10)
# $PROJECT_HOME/src/InputDoubleBuffer.h(141): Creating instance '/InputDoubleBuffer<4096,16,16>/inputDoubleBufferWriter' of C Hierarchy 'InputDoubleBufferWriter<4096,16,16>' (CIN-204)
# $PROJECT_HOME/src/InputDoubleBuffer.h(77): Inlining member function 'InputDoubleBufferReader<4096, 16, 16>::InputDoubleBufferReader' on object '' (CIN-64)
# $PROJECT_HOME/src/InputDoubleBuffer.h(80): Synthesizing method 'InputDoubleBufferReader<4096, 16, 16>::run' (CIN-13)
# $PROJECT_HOME/src/InputDoubleBuffer.h(80): Inlining member function 'InputDoubleBufferReader<4096, 16, 16>::run' on object '' (CIN-64)
# $MGC_HOME/shared/include/ac_int.h(2744): Inlining routine 'operator-<4, false>' (CIN-14)
# $MGC_HOME/shared/include/ac_int.h(2744): Inlining routine 'operator-<4, false>' (CIN-14)
# $PROJECT_HOME/src/InputDoubleBuffer.h(96): Pragma 'hls_pipeline_init_interval<1>' detected on '/InputDoubleBuffer<4096,16,16>/InputDoubleBufferReader<4096,16,16>/run/TILES' (CIN-203)
# $MGC_HOME/shared/include/ac_int.h(2744): Inlining routine 'operator<<8, false>' (CIN-14)
# $MGC_HOME/shared/include/ac_int.h(2744): Inlining routine 'operator*<2, false>' (CIN-14)
# $MGC_HOME/shared/include/ac_int.h(2744): Inlining routine 'operator+<34, true>' (CIN-14)
# $MGC_HOME/shared/include/ac_int.h(2744): Inlining routine 'operator*<2, false>' (CIN-14)
# $MGC_HOME/shared/include/ac_int.h(2744): Inlining routine 'operator+<34, true>' (CIN-14)
# $MGC_HOME/shared/include/ac_int.h(2744): Inlining routine 'operator*<32, false>' (CIN-14)
# $MGC_HOME/shared/include/ac_int.h(2744): Inlining routine 'operator-<4, false>' (CIN-14)
# $MGC_HOME/shared/include/ac_int.h(2744): Inlining routine 'operator==<33, true>' (CIN-14)
# $MGC_HOME/shared/include/ac_int.h(2744): Inlining routine 'operator-<4, false>' (CIN-14)
# $MGC_HOME/shared/include/ac_int.h(2744): Inlining routine 'operator==<33, true>' (CIN-14)
# $MGC_HOME/shared/include/ac_int.h(2744): Inlining routine 'operator-<3, false>' (CIN-14)
# $MGC_HOME/shared/include/ac_int.h(2744): Inlining routine 'operator==<33, true>' (CIN-14)
# $MGC_HOME/shared/include/ac_int.h(2744): Inlining routine 'operator-<3, false>' (CIN-14)
# $MGC_HOME/shared/include/ac_int.h(2744): Inlining routine 'operator==<33, true>' (CIN-14)
# $MGC_HOME/shared/include/ac_int.h(2744): Inlining routine 'operator-<6, false>' (CIN-14)
# $MGC_HOME/shared/include/ac_int.h(2744): Inlining routine 'operator==<33, true>' (CIN-14)
# $MGC_HOME/shared/include/ac_int.h(2744): Inlining routine 'operator-<6, false>' (CIN-14)
# $MGC_HOME/shared/include/ac_int.h(2744): Inlining routine 'operator==<33, true>' (CIN-14)
# $PROJECT_HOME/src/InputDoubleBuffer.h(80): Optimizing block '/InputDoubleBuffer<4096,16,16>/InputDoubleBufferReader<4096,16,16>' ... (CIN-4)
# $PROJECT_HOME/src/InputDoubleBuffer.h(80): INOUT port 'paramsIn' is only used as an input. (OPT-10)
# $PROJECT_HOME/src/InputDoubleBuffer.h(81): INOUT port 'din' is only used as an input. (OPT-10)
# $PROJECT_HOME/src/InputDoubleBuffer.h(82): INOUT port 'dout' is only used as an output. (OPT-11)
# Info: Optimizing partition '/InputDoubleBuffer<4096,16,16>/InputDoubleBufferReader<4096,16,16>': (Total ops = 150, Real ops = 58, Vars = 14) (SOL-10)
# Info: Optimizing partition '/InputDoubleBuffer<4096,16,16>/InputDoubleBufferReader<4096,16,16>/constructor': (Total ops = 0, Real ops = 0, Vars = 0) (SOL-10)
# Info: Optimizing partition '/InputDoubleBuffer<4096,16,16>/InputDoubleBufferReader<4096,16,16>/constructor': (Total ops = 0, Real ops = 0, Vars = 0) (SOL-10)
# Info: Optimizing partition '/InputDoubleBuffer<4096,16,16>/InputDoubleBufferReader<4096,16,16>': (Total ops = 150, Real ops = 58, Vars = 3) (SOL-10)
# Info: $PROJECT_HOME/src/InputDoubleBuffer.h(77): Partition '/InputDoubleBuffer<4096,16,16>/InputDoubleBufferReader<4096,16,16>/constructor' is found empty and is optimized away. (OPT-12)
# Info: Optimizing partition '/InputDoubleBuffer<4096,16,16>/InputDoubleBufferReader<4096,16,16>': (Total ops = 150, Real ops = 58, Vars = 84) (SOL-10)
# Info: Optimizing partition '/InputDoubleBuffer<4096,16,16>/InputDoubleBufferReader<4096,16,16>/run': (Total ops = 150, Real ops = 58, Vars = 81) (SOL-10)
# Info: Optimizing partition '/InputDoubleBuffer<4096,16,16>/InputDoubleBufferReader<4096,16,16>/run': (Total ops = 145, Real ops = 58, Vars = 71) (SOL-10)
# Info: Optimizing partition '/InputDoubleBuffer<4096,16,16>/InputDoubleBufferReader<4096,16,16>': (Total ops = 145, Real ops = 58, Vars = 74) (SOL-10)
# Info: $MGC_HOME/shared/include/ac_int.h(2744): Splitting object 'operator-<4,false>:return' into 2 segments (OPT-19)
# Info: $MGC_HOME/shared/include/ac_int.h(2744): Splitting object 'operator-<4,false>:return#1' into 2 segments (OPT-19)
# Info: $PROJECT_HOME/src/InputDoubleBuffer.h(110): Splitting object 'OX0:address' into 2 segments (OPT-19)
# Info: $MGC_HOME/shared/include/ac_int.h(2744): Splitting object 'operator*<2,false>:return' into 2 segments (OPT-19)
# Info: $MGC_HOME/shared/include/ac_int.h(2744): Splitting object 'operator+<34,true>:return' into 2 segments (OPT-19)
# Info: $MGC_HOME/shared/include/ac_int.h(2744): Splitting object 'operator*<2,false>:return#1' into 2 segments (OPT-19)
# Info: $MGC_HOME/shared/include/ac_int.h(2744): Splitting object 'operator+<34,true>:return#1' into 2 segments (OPT-19)
# Info: $MGC_HOME/shared/include/ac_int.h(2744): Splitting object 'operator*<32,false>:return' into 2 segments (OPT-19)
# Info: $PROJECT_HOME/src/InputDoubleBuffer.h(114): Splitting object 'pref' into 2 segments (OPT-19)
# Info: $PROJECT_HOME/src/InputDoubleBuffer.h(114): Splitting object 'pref:pref.pref' into 2 segments (OPT-19)
# Info: $PROJECT_HOME/src/InputDoubleBuffer.h(114): Splitting object 'pref:pref.pref.pref' into 2 segments (OPT-19)
# Info: Optimizing partition '/InputDoubleBuffer<4096,16,16>/InputDoubleBufferReader<4096,16,16>/run': (Total ops = 140, Real ops = 56, Vars = 82) (SOL-10)
# Info: Optimizing partition '/InputDoubleBuffer<4096,16,16>/InputDoubleBufferReader<4096,16,16>/run': (Total ops = 95, Real ops = 48, Vars = 11) (SOL-10)
# Info: Optimizing partition '/InputDoubleBuffer<4096,16,16>/InputDoubleBufferReader<4096,16,16>': (Total ops = 95, Real ops = 48, Vars = 14) (SOL-10)
# Info: Optimizing partition '/InputDoubleBuffer<4096,16,16>/InputDoubleBufferReader<4096,16,16>/run': (Total ops = 95, Real ops = 48, Vars = 11) (SOL-10)
# Info: Optimizing partition '/InputDoubleBuffer<4096,16,16>/InputDoubleBufferReader<4096,16,16>/run': (Total ops = 91, Real ops = 46, Vars = 13) (SOL-10)
# Info: Optimizing partition '/InputDoubleBuffer<4096,16,16>/InputDoubleBufferReader<4096,16,16>': (Total ops = 91, Real ops = 46, Vars = 16) (SOL-10)
# Info: Optimizing partition '/InputDoubleBuffer<4096,16,16>/InputDoubleBufferReader<4096,16,16>': (Total ops = 91, Real ops = 46, Vars = 16) (SOL-10)
# Info: Optimizing partition '/InputDoubleBuffer<4096,16,16>/InputDoubleBufferReader<4096,16,16>/run': (Total ops = 91, Real ops = 46, Vars = 13) (SOL-10)
# $PROJECT_HOME/src/InputDoubleBuffer.h(109): Loop '/InputDoubleBuffer<4096,16,16>/InputDoubleBufferReader<4096,16,16>/run/OX0' iterated at most 14 times. (LOOP-2)
# $PROJECT_HOME/src/InputDoubleBuffer.h(108): Loop '/InputDoubleBuffer<4096,16,16>/InputDoubleBufferReader<4096,16,16>/run/OY0' iterated at most 14 times. (LOOP-2)
# $PROJECT_HOME/src/InputDoubleBuffer.h(107): Loop '/InputDoubleBuffer<4096,16,16>/InputDoubleBufferReader<4096,16,16>/run/FX' iterated at most 7 times. (LOOP-2)
# $PROJECT_HOME/src/InputDoubleBuffer.h(106): Loop '/InputDoubleBuffer<4096,16,16>/InputDoubleBufferReader<4096,16,16>/run/FY' iterated at most 7 times. (LOOP-2)
# $PROJECT_HOME/src/InputDoubleBuffer.h(105): Loop '/InputDoubleBuffer<4096,16,16>/InputDoubleBufferReader<4096,16,16>/run/IC1' iterated at most 32 times. (LOOP-2)
# $PROJECT_HOME/src/InputDoubleBuffer.h(104): Loop '/InputDoubleBuffer<4096,16,16>/InputDoubleBufferReader<4096,16,16>/run/OC1' iterated at most 32 times. (LOOP-2)
# Info: Optimizing partition '/InputDoubleBuffer<4096,16,16>/InputDoubleBufferReader<4096,16,16>/run': (Total ops = 138, Real ops = 46, Vars = 13) (SOL-10)
# Info: Optimizing partition '/InputDoubleBuffer<4096,16,16>/InputDoubleBufferReader<4096,16,16>/run': (Total ops = 130, Real ops = 50, Vars = 17) (SOL-10)
# Info: Optimizing partition '/InputDoubleBuffer<4096,16,16>/InputDoubleBufferReader<4096,16,16>': (Total ops = 130, Real ops = 50, Vars = 20) (SOL-10)
# Info: $PROJECT_HOME/src/InputDoubleBuffer.h(97): Splitting object 'TILES:t' into 2 segments (OPT-19)
# Info: $PROJECT_HOME/src/InputDoubleBuffer.h(104): Splitting object 'OC1:oc1' into 2 segments (OPT-19)
# Info: $PROJECT_HOME/src/InputDoubleBuffer.h(105): Splitting object 'IC1:ic1' into 2 segments (OPT-19)
# Info: $PROJECT_HOME/src/InputDoubleBuffer.h(106): Splitting object 'FY:fy' into 2 segments (OPT-19)
# Info: $PROJECT_HOME/src/InputDoubleBuffer.h(107): Splitting object 'FX:fx' into 2 segments (OPT-19)
# Info: $PROJECT_HOME/src/InputDoubleBuffer.h(108): Splitting object 'OY0:oy0' into 2 segments (OPT-19)
# Info: $PROJECT_HOME/src/InputDoubleBuffer.h(109): Splitting object 'OX0:ox0' into 2 segments (OPT-19)
# Info: Optimizing partition '/InputDoubleBuffer<4096,16,16>/InputDoubleBufferReader<4096,16,16>/run': (Total ops = 123, Real ops = 50, Vars = 24) (SOL-10)
# Info: Optimizing partition '/InputDoubleBuffer<4096,16,16>/InputDoubleBufferReader<4096,16,16>/run': (Total ops = 119, Real ops = 50, Vars = 17) (SOL-10)
# Info: Optimizing partition '/InputDoubleBuffer<4096,16,16>/InputDoubleBufferReader<4096,16,16>': (Total ops = 119, Real ops = 50, Vars = 20) (SOL-10)
# Info: Optimizing partition '/InputDoubleBuffer<4096,16,16>/InputDoubleBufferReader<4096,16,16>/run': (Total ops = 119, Real ops = 50, Vars = 17) (SOL-10)
# Info: Optimizing partition '/InputDoubleBuffer<4096,16,16>/InputDoubleBufferReader<4096,16,16>': (Total ops = 119, Real ops = 50, Vars = 20) (SOL-10)
# Info: Optimizing partition '/InputDoubleBuffer<4096,16,16>/InputDoubleBufferReader<4096,16,16>': (Total ops = 119, Real ops = 50, Vars = 20) (SOL-10)
# Info: Optimizing partition '/InputDoubleBuffer<4096,16,16>/InputDoubleBufferReader<4096,16,16>/run': (Total ops = 119, Real ops = 50, Vars = 17) (SOL-10)
# Info: Optimizing partition '/InputDoubleBuffer<4096,16,16>/InputDoubleBufferReader<4096,16,16>': (Total ops = 119, Real ops = 50, Vars = 20) (SOL-10)
# Info: Optimizing partition '/InputDoubleBuffer<4096,16,16>/InputDoubleBufferReader<4096,16,16>/run': (Total ops = 119, Real ops = 50, Vars = 17) (SOL-10)
# $PROJECT_HOME/src/InputDoubleBuffer.h(141): Creating instance '/InputDoubleBuffer<4096,16,16>/inputDoubleBufferReader' of C Hierarchy 'InputDoubleBufferReader<4096,16,16>' (CIN-204)
# $PROJECT_HOME/src/InputDoubleBuffer.h(144): Synthesizing method 'InputDoubleBuffer<4096, 16, 16>::run' (CIN-13)
# $PROJECT_HOME/src/InputDoubleBuffer.h(144): Inlining member function 'InputDoubleBuffer<4096, 16, 16>::run' on object '' (CIN-64)
# $PROJECT_HOME/src/InputDoubleBuffer.h(144): Optimizing block '/InputDoubleBuffer<4096,16,16>' ... (CIN-4)
# $PROJECT_HOME/src/InputDoubleBuffer.h(144): INOUT port 'inputs_in' is only used as an input. (OPT-10)
# $PROJECT_HOME/src/InputDoubleBuffer.h(145): INOUT port 'inputs_out' is only used as an output. (OPT-11)
# $PROJECT_HOME/src/InputDoubleBuffer.h(146): INOUT port 'paramsIn' is only used as an input. (OPT-10)
# Info: Optimizing partition '/InputDoubleBuffer<4096,16,16>': (Total ops = 224, Real ops = 70, Vars = 42) (SOL-10)
# Info: Optimizing partition '/InputDoubleBuffer<4096,16,16>/constructor': (Total ops = 0, Real ops = 0, Vars = 0) (SOL-10)
# Info: Optimizing partition '/InputDoubleBuffer<4096,16,16>/constructor': (Total ops = 0, Real ops = 0, Vars = 0) (SOL-10)
# Info: Optimizing partition '/InputDoubleBuffer<4096,16,16>': (Total ops = 224, Real ops = 70, Vars = 8) (SOL-10)
# Info: $PROJECT_HOME/src/InputDoubleBuffer.h(141): Partition '/InputDoubleBuffer<4096,16,16>/constructor' is found empty and is optimized away. (OPT-12)
# Info: Optimizing partition '/InputDoubleBuffer<4096,16,16>': (Total ops = 224, Real ops = 70, Vars = 38) (SOL-10)
# Info: Optimizing partition '/InputDoubleBuffer<4096,16,16>/run': (Total ops = 39, Real ops = 0, Vars = 30) (SOL-10)
# Info: Optimizing partition '/InputDoubleBuffer<4096,16,16>/run': (Total ops = 39, Real ops = 0, Vars = 12) (SOL-10)
# Info: Optimizing partition '/InputDoubleBuffer<4096,16,16>': (Total ops = 224, Real ops = 70, Vars = 20) (SOL-10)
# Info: $PROJECT_HOME/src/InputDoubleBuffer.h(155): Splitting object 'inputDoubleBufferReaderParams.cwt' into 9 segments (OPT-19)
# Info: $PROJECT_HOME/src/InputDoubleBuffer.h(156): Splitting object 'inputDoubleBufferWriterParams.cwt' into 9 segments (OPT-19)
# Info: Optimizing partition '/InputDoubleBuffer<4096,16,16>/run': (Total ops = 41, Real ops = 0, Vars = 30) (SOL-10)
# Info: Optimizing partition '/InputDoubleBuffer<4096,16,16>/run': (Total ops = 12, Real ops = 0, Vars = 1) (SOL-10)
# Info: Optimizing partition '/InputDoubleBuffer<4096,16,16>': (Total ops = 197, Real ops = 70, Vars = 9) (SOL-10)
# Info: Optimizing partition '/InputDoubleBuffer<4096,16,16>/run': (Total ops = 12, Real ops = 0, Vars = 1) (SOL-10)
# Info: Optimizing partition '/InputDoubleBuffer<4096,16,16>': (Total ops = 197, Real ops = 70, Vars = 9) (SOL-10)
# Info: Optimizing partition '/InputDoubleBuffer<4096,16,16>/run': (Total ops = 12, Real ops = 0, Vars = 1) (SOL-10)
# Info: Optimizing partition '/InputDoubleBuffer<4096,16,16>': (Total ops = 197, Real ops = 70, Vars = 9) (SOL-10)
# Info: Optimizing partition '/InputDoubleBuffer<4096,16,16>/run': (Total ops = 12, Real ops = 0, Vars = 1) (SOL-10)
# Info: Optimizing partition '/InputDoubleBuffer<4096,16,16>': (Total ops = 197, Real ops = 70, Vars = 9) (SOL-10)
# Info: Optimizing partition '/InputDoubleBuffer<4096,16,16>/run': (Total ops = 12, Real ops = 0, Vars = 1) (SOL-10)
# Design 'InputDoubleBuffer<4096,16,16>' was read (SOL-1)
# Makefile for Original Design + Testbench written to file './scverify/Verify_orig_cxx_osci.mk'
# Warning: Toplevel found in header $PROJECT_HOME/src/InputDoubleBuffer.h, using $PROJECT_HOME/src/Conv.cpp for header dependencies.
# Warning: Hierarchical design detected - SLEC-CPC does not support design with hierarchy
# Warning:           Hierarchy Block 'InputDoubleBufferWriter<4096,16,16>' Instance 'inputDoubleBufferWriter' $PROJECT_HOME/src/InputDoubleBuffer.h:11
# Warning:           Hierarchy Block 'InputDoubleBufferReader<4096,16,16>' Instance 'inputDoubleBufferReader' $PROJECT_HOME/src/InputDoubleBuffer.h:80
# Info: CDesignChecker Shell script written to '/home/users/jiajunc4/ee272/git_ee272/EE272_DNN_Accelerator/hw6/dnn-accelerator-syn/ConvHLS/design/build/InputDoubleBufferless_4096comma_16comma_16greater_.v1/CDesignChecker/design_checker.sh'
# Info: Completed transformation 'compile' on solution 'InputDoubleBuffer<4096,16,16>.v1': elapsed time 2.48 seconds, memory usage 878212kB, peak memory usage 878212kB (SOL-9)
# > source scripts/set_libraries.tcl
# > go libraries
# Info: Starting transformation 'libraries' on solution 'InputDoubleBuffer<4096,16,16>.v1' (SOL-8)
# Reading component library '$MGC_HOME/pkgs/siflibs/mgc_busdefs.lib' [mgc_busdefs]... (LIB-49)
# Reading component library '$MGC_HOME/pkgs/siflibs/stdops.lib' [STDOPS]... (LIB-49)
# Reading component library '$MGC_HOME/pkgs/siflibs/ccs_ioport.lib' [ccs_ioport]... (LIB-49)
# Reading component library '$MGC_HOME/pkgs/siflibs/mgc_ioport.lib' [mgc_ioport]... (LIB-49)
# Reading component library '$MGC_HOME/pkgs/cds_assert/assert_ops.lib' [ASSERT_OPS]... (LIB-49)
# Reading component library '$MGC_HOME/pkgs/cds_assert/assert_mods.lib' [assert_mods]... (LIB-49)
# Reading component library '$MGC_HOME/pkgs/siflibs/nangate/nangate-45nm_beh.lib' [nangate-45nm_beh]... (LIB-49)
# Reading component library '$PROJECT_HOME/sram_wrappers/sram_256_512_db.lib' [sram_256_512_db]... (LIB-49)
# Reading component library '$PROJECT_HOME/sram_wrappers/sram_4096_128_db.lib' [sram_4096_128_db]... (LIB-49)
# Reading component library '$PROJECT_HOME/sram_wrappers/sram_8192_128_db.lib' [sram_8192_128_db]... (LIB-49)
# Warning: No Encrypted Liberty technology libraries have been specified (LIB-192)
# Warning: No Process Technology File (PTF) technology libraries have been specified (LIB-192)
# Warning: No Synopsys DB technology libraries have been specified (LIB-192)
# Info: Completed transformation 'libraries' on solution 'InputDoubleBuffer<4096,16,16>.v1': elapsed time 0.34 seconds, memory usage 878212kB, peak memory usage 878212kB (SOL-9)
# > directive set -CLOCKS $clocks
# /CLOCKS {clk "-CLOCK_PERIOD 5.0 -CLOCK_EDGE rising -CLOCK_HIGH_TIME 2.5 -CLOCK_OFFSET 0.000000 -CLOCK_UNCERTAINTY 0.0 -RESET_KIND async -RESET_SYNC_NAME rst -RESET_SYNC_ACTIVE high -RESET_ASYNC_NAME arst_n -RESET_ASYNC_ACTIVE low -ENABLE_NAME {} -ENABLE_ACTIVE high" }
# > go assembly
# Info: Starting transformation 'assembly' on solution 'InputDoubleBuffer<4096,16,16>.v1' (SOL-8)
# Info: Optimizing partition '/InputDoubleBuffer<4096,16,16>': (Total ops = 198, Real ops = 73, Vars = 47) (SOL-10)
# Info: Optimizing partition '/InputDoubleBuffer<4096,16,16>/InputDoubleBufferReader<4096,16,16>': (Total ops = 120, Real ops = 51, Vars = 22) (SOL-10)
# Info: Optimizing partition '/InputDoubleBuffer<4096,16,16>/InputDoubleBufferReader<4096,16,16>/run': (Total ops = 120, Real ops = 51, Vars = 17) (SOL-10)
# Info: Optimizing partition '/InputDoubleBuffer<4096,16,16>/InputDoubleBufferWriter<4096,16,16>': (Total ops = 61, Real ops = 21, Vars = 14) (SOL-10)
# Info: Optimizing partition '/InputDoubleBuffer<4096,16,16>/InputDoubleBufferWriter<4096,16,16>/run': (Total ops = 61, Real ops = 21, Vars = 9) (SOL-10)
# Info: Optimizing partition '/InputDoubleBuffer<4096,16,16>/run': (Total ops = 7, Real ops = 1, Vars = 1) (SOL-10)
# Info: Optimizing partition '/InputDoubleBuffer<4096,16,16>': (Total ops = 198, Real ops = 73, Vars = 45) (SOL-10)
# Info: Optimizing partition '/InputDoubleBuffer<4096,16,16>/run': (Total ops = 7, Real ops = 1, Vars = 1) (SOL-10)
# Info: Optimizing partition '/InputDoubleBuffer<4096,16,16>': (Total ops = 203, Real ops = 73, Vars = 50) (SOL-10)
# Info: Optimizing partition '/InputDoubleBuffer<4096,16,16>/InputDoubleBufferReader<4096,16,16>': (Total ops = 120, Real ops = 51, Vars = 22) (SOL-10)
# Info: Optimizing partition '/InputDoubleBuffer<4096,16,16>/InputDoubleBufferReader<4096,16,16>/run': (Total ops = 120, Real ops = 51, Vars = 17) (SOL-10)
# Info: Optimizing partition '/InputDoubleBuffer<4096,16,16>/InputDoubleBufferWriter<4096,16,16>': (Total ops = 61, Real ops = 21, Vars = 14) (SOL-10)
# Info: Optimizing partition '/InputDoubleBuffer<4096,16,16>/InputDoubleBufferWriter<4096,16,16>/run': (Total ops = 61, Real ops = 21, Vars = 9) (SOL-10)
# Info: Optimizing partition '/InputDoubleBuffer<4096,16,16>/InputDoubleBuffer<4096,16,16>:run': (Total ops = 7, Real ops = 1, Vars = 6) (SOL-10)
# Info: Optimizing partition '/InputDoubleBuffer<4096,16,16>/InputDoubleBuffer<4096,16,16>:run/run': (Total ops = 7, Real ops = 1, Vars = 1) (SOL-10)
# Info: Optimizing partition '/InputDoubleBuffer<4096,16,16>': (Total ops = 203, Real ops = 73, Vars = 50) (SOL-10)
# Info: Completed transformation 'assembly' on solution 'InputDoubleBuffer<4096,16,16>.v1': elapsed time 0.54 seconds, memory usage 886460kB, peak memory usage 886460kB (SOL-9)
# > directive set /InputDoubleBuffer<4096,${ARRAY_DIMENSION},${ARRAY_DIMENSION}>/InputDoubleBufferReader<4096,${ARRAY_DIMENSION},${ARRAY_DIMENSION}>/din -WORD_WIDTH [expr ${ARRAY_DIMENSION} * 8]
# /InputDoubleBuffer<4096,16,16>/InputDoubleBufferReader<4096,16,16>/din/WORD_WIDTH 128
# > directive set /InputDoubleBuffer<4096,${ARRAY_DIMENSION},${ARRAY_DIMENSION}>/InputDoubleBufferWriter<4096,${ARRAY_DIMENSION},${ARRAY_DIMENSION}>/dout -WORD_WIDTH [expr ${ARRAY_DIMENSION} * 8]
# /InputDoubleBuffer<4096,16,16>/InputDoubleBufferWriter<4096,16,16>/dout/WORD_WIDTH 128
# > directive set /InputDoubleBuffer<4096,${ARRAY_DIMENSION},${ARRAY_DIMENSION}>/mem:cns -STAGE_REPLICATION 2
# /InputDoubleBuffer<4096,16,16>/mem:cns/STAGE_REPLICATION 2
# > directive set /InputDoubleBuffer<4096,${ARRAY_DIMENSION},${ARRAY_DIMENSION}>/mem -WORD_WIDTH [expr ${ARRAY_DIMENSION} * 8]
# /InputDoubleBuffer<4096,16,16>/mem/WORD_WIDTH 128
# > directive set /InputDoubleBuffer<4096,${ARRAY_DIMENSION},${ARRAY_DIMENSION}>/.../tmp.data.value -match glob -WORD_WIDTH [expr ${ARRAY_DIMENSION} * 8]
# > directive set /InputDoubleBuffer<4096,${ARRAY_DIMENSION},${ARRAY_DIMENSION}>/mem:cns -MAP_TO_MODULE sram_4096_128_db.sram_4096_128_db
# /InputDoubleBuffer<4096,16,16>/mem:cns/MAP_TO_MODULE sram_4096_128_db.sram_4096_128_db
# > directive set /InputDoubleBuffer<4096,${ARRAY_DIMENSION},${ARRAY_DIMENSION}>/.../tmp.data.value:rsc -match glob -MAP_TO_MODULE sram_4096_128_db.sram_4096_128_db
# > go architect
# Info: Starting transformation 'loops' on solution 'InputDoubleBuffer<4096,16,16>.v1' (SOL-8)
# Info: Optimizing partition '/InputDoubleBuffer<4096,16,16>/InputDoubleBufferReader<4096,16,16>/run': (Total ops = 120, Real ops = 51, Vars = 17) (SOL-10)
# $PROJECT_HOME/src/InputDoubleBuffer.h(109): Loop '/InputDoubleBuffer<4096,16,16>/InputDoubleBufferReader<4096,16,16>/run/OX0' is left rolled. (LOOP-4)
# $PROJECT_HOME/src/InputDoubleBuffer.h(108): Loop '/InputDoubleBuffer<4096,16,16>/InputDoubleBufferReader<4096,16,16>/run/OY0' is left rolled. (LOOP-4)
# $PROJECT_HOME/src/InputDoubleBuffer.h(107): Loop '/InputDoubleBuffer<4096,16,16>/InputDoubleBufferReader<4096,16,16>/run/FX' is left rolled. (LOOP-4)
# $PROJECT_HOME/src/InputDoubleBuffer.h(106): Loop '/InputDoubleBuffer<4096,16,16>/InputDoubleBufferReader<4096,16,16>/run/FY' is left rolled. (LOOP-4)
# $PROJECT_HOME/src/InputDoubleBuffer.h(105): Loop '/InputDoubleBuffer<4096,16,16>/InputDoubleBufferReader<4096,16,16>/run/IC1' is left rolled. (LOOP-4)
# $PROJECT_HOME/src/InputDoubleBuffer.h(104): Loop '/InputDoubleBuffer<4096,16,16>/InputDoubleBufferReader<4096,16,16>/run/OC1' is left rolled. (LOOP-4)
# $PROJECT_HOME/src/InputDoubleBuffer.h(97): Loop '/InputDoubleBuffer<4096,16,16>/InputDoubleBufferReader<4096,16,16>/run/TILES' is left rolled. (LOOP-4)
# $PROJECT_HOME/src/InputDoubleBuffer.h(80): Loop '/InputDoubleBuffer<4096,16,16>/InputDoubleBufferReader<4096,16,16>/run/main' is left rolled. (LOOP-4)
# Info: Optimizing partition '/InputDoubleBuffer<4096,16,16>/InputDoubleBufferWriter<4096,16,16>/run': (Total ops = 61, Real ops = 21, Vars = 9) (SOL-10)
# $PROJECT_HOME/src/InputDoubleBuffer.h(52): Loop '/InputDoubleBuffer<4096,16,16>/InputDoubleBufferWriter<4096,16,16>/run/TILE:for:for' is being fully unrolled (4 times). (LOOP-7)
# Info: Optimizing partition '/InputDoubleBuffer<4096,16,16>/InputDoubleBufferWriter<4096,16,16>/run': (Total ops = 61, Real ops = 21, Vars = 9) (SOL-10)
# Info: Optimizing partition '/InputDoubleBuffer<4096,16,16>/InputDoubleBufferWriter<4096,16,16>/run': (Total ops = 85, Real ops = 24, Vars = 9) (SOL-10)
# Info: Optimizing partition '/InputDoubleBuffer<4096,16,16>/InputDoubleBufferWriter<4096,16,16>/run': (Total ops = 85, Real ops = 24, Vars = 9) (SOL-10)
# Info: Optimizing partition '/InputDoubleBuffer<4096,16,16>/InputDoubleBufferWriter<4096,16,16>/run': (Total ops = 68, Real ops = 20, Vars = 8) (SOL-10)
# Info: Optimizing partition '/InputDoubleBuffer<4096,16,16>/InputDoubleBufferWriter<4096,16,16>/run': (Total ops = 68, Real ops = 20, Vars = 8) (SOL-10)
# Info: Optimizing partition '/InputDoubleBuffer<4096,16,16>/InputDoubleBufferWriter<4096,16,16>/run': (Total ops = 68, Real ops = 20, Vars = 8) (SOL-10)
# Info: Optimizing partition '/InputDoubleBuffer<4096,16,16>/InputDoubleBufferWriter<4096,16,16>/run': (Total ops = 64, Real ops = 20, Vars = 8) (SOL-10)
# $PROJECT_HOME/src/InputDoubleBuffer.h(49): Loop '/InputDoubleBuffer<4096,16,16>/InputDoubleBufferWriter<4096,16,16>/run/TILE:for' is left rolled. (LOOP-4)
# $PROJECT_HOME/src/InputDoubleBuffer.h(46): Loop '/InputDoubleBuffer<4096,16,16>/InputDoubleBufferWriter<4096,16,16>/run/TILE' is left rolled. (LOOP-4)
# $PROJECT_HOME/src/InputDoubleBuffer.h(41): Loop '/InputDoubleBuffer<4096,16,16>/InputDoubleBufferWriter<4096,16,16>/run/TILES' is left rolled. (LOOP-4)
# $PROJECT_HOME/src/InputDoubleBuffer.h(11): Loop '/InputDoubleBuffer<4096,16,16>/InputDoubleBufferWriter<4096,16,16>/run/main' is left rolled. (LOOP-4)
# Info: Optimizing partition '/InputDoubleBuffer<4096,16,16>/InputDoubleBuffer<4096,16,16>:run/run': (Total ops = 7, Real ops = 1, Vars = 1) (SOL-10)
# $PROJECT_HOME/src/InputDoubleBuffer.h(144): Loop '/InputDoubleBuffer<4096,16,16>/InputDoubleBuffer<4096,16,16>:run/run/main' is left rolled. (LOOP-4)
# Info: Optimizing partition '/InputDoubleBuffer<4096,16,16>': (Total ops = 206, Real ops = 72, Vars = 49) (SOL-10)
# Info: Optimizing partition '/InputDoubleBuffer<4096,16,16>/InputDoubleBufferReader<4096,16,16>': (Total ops = 120, Real ops = 51, Vars = 22) (SOL-10)
# Info: Optimizing partition '/InputDoubleBuffer<4096,16,16>/InputDoubleBufferReader<4096,16,16>/run': (Total ops = 120, Real ops = 51, Vars = 17) (SOL-10)
# Info: Optimizing partition '/InputDoubleBuffer<4096,16,16>/InputDoubleBufferWriter<4096,16,16>': (Total ops = 64, Real ops = 20, Vars = 13) (SOL-10)
# Info: Optimizing partition '/InputDoubleBuffer<4096,16,16>/InputDoubleBufferWriter<4096,16,16>/run': (Total ops = 64, Real ops = 20, Vars = 8) (SOL-10)
# Info: Optimizing partition '/InputDoubleBuffer<4096,16,16>/InputDoubleBuffer<4096,16,16>:run': (Total ops = 7, Real ops = 1, Vars = 6) (SOL-10)
# Info: Optimizing partition '/InputDoubleBuffer<4096,16,16>/InputDoubleBuffer<4096,16,16>:run/run': (Total ops = 7, Real ops = 1, Vars = 1) (SOL-10)
# Info: Optimizing partition '/InputDoubleBuffer<4096,16,16>': (Total ops = 206, Real ops = 72, Vars = 49) (SOL-10)
# Info: Optimizing partition '/InputDoubleBuffer<4096,16,16>/InputDoubleBufferReader<4096,16,16>': (Total ops = 120, Real ops = 51, Vars = 22) (SOL-10)
# Info: Optimizing partition '/InputDoubleBuffer<4096,16,16>/InputDoubleBufferReader<4096,16,16>/run': (Total ops = 120, Real ops = 51, Vars = 17) (SOL-10)
# Info: Optimizing partition '/InputDoubleBuffer<4096,16,16>/InputDoubleBufferWriter<4096,16,16>': (Total ops = 64, Real ops = 20, Vars = 13) (SOL-10)
# Info: Completed transformation 'loops' on solution 'InputDoubleBuffer<4096,16,16>.v1': elapsed time 0.50 seconds, memory usage 886460kB, peak memory usage 886460kB (SOL-9)
# Info: Starting transformation 'memories' on solution 'InputDoubleBuffer<4096,16,16>.v1' (SOL-8)
# Error: $PROJECT_HOME/src/conv.h(10): Splitting of Resource '/InputDoubleBuffer<4096,16,16>/InputDoubleBufferWriter<4096,16,16>/run/TILES:tmp.data.value:rsc' into 65536 variables could cause excessive runtime or memory requirements (MEM-8)
# Error: $PROJECT_HOME/src/conv.h(10): Please select a library with memories or increase REGISTER_THRESHOLD (MEM-8)
# Error: $PROJECT_HOME/src/conv.h(10): Splitting of Resource '/InputDoubleBuffer<4096,16,16>/InputDoubleBufferReader<4096,16,16>/run/TILES:tmp.data.value:rsc' into 65536 variables could cause excessive runtime or memory requirements (MEM-8)
# Error: $PROJECT_HOME/src/conv.h(10): Please select a library with memories or increase REGISTER_THRESHOLD (MEM-8)
# Info: Completed transformation 'assembly' on solution 'InputDoubleBuffer<4096,16,16>.v1': elapsed time 0.16 seconds, memory usage 886460kB, peak memory usage 886460kB (SOL-9)
# > end dofile ./scripts/InputDoubleBuffer.tcl
# Error: incomplete memory allocation
// Finish time Wed Feb 19 21:23:51 2025, time elapsed 0:15, peak memory 865.68MB, exit status 2
